Se inicia la aplicación.
Creación de la ventana de login
Se registran los listeners.
Se inicia la carga de parametros para conectar con la BD.
Recuperación de los datos para la conexión con la BD
Se intenta leer el archivo de propiedades cfg/conexionBD.properties
se cargó exitosamente
Parámetros de conexión: jdbc:mysql://localhost:3306/vuelos?useSSL=false&allowPublicKeyRetrieval=true&serverTimezone=America/Argentina/Buenos_Aires
Se inicializa la ventana de login.
se registra el controlador.
se muestra la ventana.
Intenta ingresar como Empleado con legajo 128629, password 123
Recupera el usuario de BD para Empleado para poder conectarse con los permisos de dicho usuario.
Ingresa a recuperar el usuarioBD y passwordBD para acceder a la BD del usuario Empleado
usuario empleado, password empleado
Se crea el modelo Empleado.
Se establece la conexión a la BD.
Se intenta autenticar el legajo 128629 con password 123
Empleado 128629 autenticado
Inicializacion de la ventana del Empleado
Se registran los listeners.
Se crea el controlador del Empleado.
Transfiere el control al nuevo controlador
Solicita al DAO un empleado con legajo 1
recupera el empleado que corresponde al legajo 1.
Se registra al empleado ApEmp9, NomEmp9 con legajo 9
muestra la ventana
Recuperar del modelo los destinos posibles
recupera las ciudades que tienen aeropuertos.
informar a la ventana los destinos posibles
Carga los combos de ciudades con las 4 ubicaciones recuperados
Muestra el panel de consulta/reserva de vuelos.
Informa a la vista que puede eliminar la ventana de login.
Eliminación de la ventana de login.
Ejecuta el listener de buscar vuelos disponibles.
Solicita información de vuelos disponibles: esIdaVuelta:false fechaDesde:20 fechaHasta:28 Origen:Argentina - CABA - Buenos Aires Destino:USA - Illinois - Chicago.
Se solicita quitar todas las selecciones.
La fecha hasta debe estar vacía.
Crea una ventana modal informando sobre el mensaje.
Ejecuta el listener de buscar vuelos disponibles.
Solicita información de vuelos disponibles: esIdaVuelta:false fechaDesde:20 fechaHasta:null Origen:Argentina - CABA - Buenos Aires Destino:USA - Illinois - Chicago.
Se solicita quitar todas las selecciones.
Solicita información de vuelos disponibles de ida
Recupera la lista de vuelos disponibles para la fecha Thu Oct 20 00:00:00 ART 2022 desde Argentina - CABA - Buenos Aires a USA - Illinois - Chicago.
La cantidad de vuelos recuperados es 4 
Se solicita a la ventana mostrar la información de 4 vuelos para viaje de ida
Carga la tabla de IDA.
debe informar al controlador para que recupere la info del detalle
Solicita detalle del vuelo EZEORD01 con fecha 1969-12-31 para un viaje de ida.
Recupera la cantidad de asientos y precio del vuelo EZEORD01 .
Se recuperaron 2 clases para el vuelo EZEORD01
Carga el detalle tabla de detalle de solo IDA.
debe informar al controlador para que recupere la info del detalle
Solicita detalle del vuelo EZEBCN01 con fecha 1969-12-31 para un viaje de ida.
Recupera la cantidad de asientos y precio del vuelo EZEBCN01 .
Se recuperaron 3 clases para el vuelo EZEBCN01
Carga el detalle tabla de detalle de solo IDA.
debe informar al controlador para que recupere la info del detalle
Solicita detalle del vuelo BCNORD01 con fecha 1969-12-31 para un viaje de ida.
Recupera la cantidad de asientos y precio del vuelo BCNORD01 .
Se recuperaron 2 clases para el vuelo BCNORD01
Carga el detalle tabla de detalle de solo IDA.
debe informar al controlador para que recupere la info del detalle
Se deseleccionó el vuelo
Se solicita quitar todas las selecciones.
debe informar al controlador para que recupere la info del detalle
Solicita detalle del vuelo BCNORD01 con fecha 1969-12-31 para un viaje de ida.
Recupera la cantidad de asientos y precio del vuelo BCNORD01 .
Se recuperaron 2 clases para el vuelo BCNORD01
Carga el detalle tabla de detalle de solo IDA.
se selecciono una clase o se cambio la seleccion de vuelo y se actualizaron las clases (deseleccion)
Se actualiza el detalle seleccionada para un vuelo de Solo Ida.
se selecciono una clase o se cambio la seleccion de vuelo y se actualizaron las clases (deseleccion)
Se actualiza el detalle seleccionada para un vuelo de Solo Ida.
se selecciono una clase o se cambio la seleccion de vuelo y se actualizaron las clases (deseleccion)
Se actualiza el detalle seleccionada para un vuelo de Solo Ida.
Valida que haya seleccionado todo e informa a la ventana que muestre la pantalla de reserva.
recupera los tipos de documentos.
El controlador solicitó que se muestre la pantalla para realizar una reserva.
Carga el combo con los 2 tipos de documento recuperados
Busca al pasajero DNI 40978249
Solicita al DAO un pasajero con tipo DNI y nro 40978249
El DAO retorna al pasajero Apellido 40978249 Nombre 40978249
La ventana muestra al pasajero.
Se muestra al pasajero en el panel de solo ida
Se solicita comenzar el proceso de reserva.
Se solicita al modelo realizar una reserva solo ida
Solicita al DAO un empleado con legajo 1
recupera el empleado que corresponde al legajo 1.
Realiza la reserva de solo ida con pasajero 40978249
se actualiza la reserva con una reserva de solo ida
Hubo un error al realizar la reserva de solo ida: java.lang.Exception: El pasajero no está registrado.
	at vuelos.modelo.empleado.dao.datosprueba.DAOReservaDatosPrueba.recuperarCodigoReserva(DAOReservaDatosPrueba.java:117)
	at vuelos.modelo.empleado.dao.datosprueba.DAOReservaDatosPrueba.registrarReservaSoloIda(DAOReservaDatosPrueba.java:58)
	at vuelos.modelo.empleado.dao.DAOReservaImpl.reservarSoloIda(DAOReservaImpl.java:67)
	at vuelos.modelo.empleado.ModeloEmpleadoImpl.reservarSoloIda(ModeloEmpleadoImpl.java:154)
	at vuelos.controlador.ControladorEmpleadoImpl.reservar(ControladorEmpleadoImpl.java:404)
	at vuelos.vista.empleado.VentanaEmpleadoImpl$25.actionPerformed(VentanaEmpleadoImpl.java:1597)
	at java.desktop/javax.swing.AbstractButton.fireActionPerformed(AbstractButton.java:1972)
	at java.desktop/javax.swing.AbstractButton$Handler.actionPerformed(AbstractButton.java:2313)
	at java.desktop/javax.swing.DefaultButtonModel.fireActionPerformed(DefaultButtonModel.java:405)
	at java.desktop/javax.swing.DefaultButtonModel.setPressed(DefaultButtonModel.java:262)
	at java.desktop/javax.swing.plaf.basic.BasicButtonListener.mouseReleased(BasicButtonListener.java:279)
	at java.desktop/java.awt.AWTEventMulticaster.mouseReleased(AWTEventMulticaster.java:297)
	at java.desktop/java.awt.Component.processMouseEvent(Component.java:6626)
	at java.desktop/javax.swing.JComponent.processMouseEvent(JComponent.java:3389)
	at java.desktop/java.awt.Component.processEvent(Component.java:6391)
	at java.desktop/java.awt.Container.processEvent(Container.java:2266)
	at java.desktop/java.awt.Component.dispatchEventImpl(Component.java:5001)
	at java.desktop/java.awt.Container.dispatchEventImpl(Container.java:2324)
	at java.desktop/java.awt.Component.dispatchEvent(Component.java:4833)
	at java.desktop/java.awt.LightweightDispatcher.retargetMouseEvent(Container.java:4948)
	at java.desktop/java.awt.LightweightDispatcher.processMouseEvent(Container.java:4575)
	at java.desktop/java.awt.LightweightDispatcher.dispatchEvent(Container.java:4516)
	at java.desktop/java.awt.Container.dispatchEventImpl(Container.java:2310)
	at java.desktop/java.awt.Window.dispatchEventImpl(Window.java:2780)
	at java.desktop/java.awt.Component.dispatchEvent(Component.java:4833)
	at java.desktop/java.awt.EventQueue.dispatchEventImpl(EventQueue.java:773)
	at java.desktop/java.awt.EventQueue$4.run(EventQueue.java:722)
	at java.desktop/java.awt.EventQueue$4.run(EventQueue.java:716)
	at java.base/java.security.AccessController.doPrivileged(AccessController.java:399)
	at java.base/java.security.ProtectionDomain$JavaSecurityAccessImpl.doIntersectionPrivilege(ProtectionDomain.java:86)
	at java.base/java.security.ProtectionDomain$JavaSecurityAccessImpl.doIntersectionPrivilege(ProtectionDomain.java:97)
	at java.desktop/java.awt.EventQueue$5.run(EventQueue.java:746)
	at java.desktop/java.awt.EventQueue$5.run(EventQueue.java:744)
	at java.base/java.security.AccessController.doPrivileged(AccessController.java:399)
	at java.base/java.security.ProtectionDomain$JavaSecurityAccessImpl.doIntersectionPrivilege(ProtectionDomain.java:86)
	at java.desktop/java.awt.EventQueue.dispatchEvent(EventQueue.java:743)
	at java.desktop/java.awt.EventDispatchThread.pumpOneEventForFilters(EventDispatchThread.java:203)
	at java.desktop/java.awt.EventDispatchThread.pumpEventsForFilter(EventDispatchThread.java:124)
	at java.desktop/java.awt.EventDispatchThread.pumpEventsForHierarchy(EventDispatchThread.java:113)
	at java.desktop/java.awt.EventDispatchThread.pumpEvents(EventDispatchThread.java:109)
	at java.desktop/java.awt.EventDispatchThread.pumpEvents(EventDispatchThread.java:101)
	at java.desktop/java.awt.EventDispatchThread.run(EventDispatchThread.java:90)

Crea una ventana modal informando sobre el mensaje.
se selecciono una clase o se cambio la seleccion de vuelo y se actualizaron las clases (deseleccion)
Se actualiza el detalle seleccionada para un vuelo de Solo Ida.
debe informar al controlador para que recupere la info del detalle
Se deseleccionó el vuelo
Se solicita quitar todas las selecciones.
Saliendo de la aplicación.
Se cierra la conexión a la BD.
Se intenta cerrar la conexión activa
Eliminación de la ventana.
